<?xml version="1.0" encoding="UTF-8"?>
<!-- Generated by org.testng.reporters.JUnitReportReporter -->
<testsuite hostname="UshAravind" failures="0" tests="5" name="com.runner.NaukriRunner" time="4.267" errors="0" timestamp="2025-07-27T14:45:58 IST" skipped="2">
  <testcase classname="com.runner.NaukriRunner" name="validLoginPage" time="2.248"/>
  <testcase classname="com.runner.NaukriRunner" name="profilePage" time="1.024"/>
  <testcase classname="com.runner.NaukriRunner" name="addResumeHeadLinePage" time="0.995"/>
  <testcase classname="com.runner.NaukriRunner" name="addEducationPage">
    <skipped/>
  </testcase> <!-- addEducationPage -->
  <testcase classname="com.runner.NaukriRunner" name="addSkillPage">
    <skipped/>
  </testcase> <!-- addSkillPage -->
</testsuite> <!-- com.runner.NaukriRunner -->
